Using pre-set license
Built from '2020.2/staging' branch; Version is '2020.2.3f1 (8ff31bc5bf5b) revision 9433883'; Using compiler version '192528614'; Build Type 'Release'
OS: 'Windows 10 Home; OS build 19042.746; Version 2009; 64bit' Language: 'en' Physical Memory: 7919 MB
BatchMode: 1, IsHumanControllingUs: 0, StartBugReporterOnCrash: 0, Is64bit: 1, IsPro: 0

 COMMAND LINE ARGUMENTS:
C:\Program Files\Unity\Hub\Editor\2020.2.3f1\Editor\Unity.exe
-adb2
-batchMode
-noUpm
-name
AssetImportWorker0
-projectPath
C:/Users/Poncho/Repos/Unity 2D/Number_Wizard_Console/Number Wizard Console
-logFile
Logs/AssetImportWorker0.log
-srvPort
55719
Successfully changed project path to: C:/Users/Poncho/Repos/Unity 2D/Number_Wizard_Console/Number Wizard Console
C:/Users/Poncho/Repos/Unity 2D/Number_Wizard_Console/Number Wizard Console
Using Asset Import Pipeline V2.
Refreshing native plugins compatible for Editor in 164.17 ms, found 1 plugins.
Preloading 0 native plugins for Editor in 0.00 ms.
Initialize engine version: 2020.2.3f1 (8ff31bc5bf5b)
[Subsystems] Discovering subsystems at path C:/Program Files/Unity/Hub/Editor/2020.2.3f1/Editor/Data/Resources/UnitySubsystems
[Subsystems] Discovering subsystems at path C:/Users/Poncho/Repos/Unity 2D/Number_Wizard_Console/Number Wizard Console/Assets
GfxDevice: creating device client; threaded=0
Direct3D:
    Version:  Direct3D 11.0 [level 11.1]
    Renderer: Intel(R) HD Graphics 620 (ID=0x5916)
    Vendor:   
    VRAM:     3959 MB
    Driver:   26.20.100.7986
Initialize mono
Mono path[0] = 'C:/Program Files/Unity/Hub/Editor/2020.2.3f1/Editor/Data/Managed'
Mono path[1] = 'C:/Program Files/Unity/Hub/Editor/2020.2.3f1/Editor/Data/MonoBleedingEdge/lib/mono/unityjit'
Mono config path = 'C:/Program Files/Unity/Hub/Editor/2020.2.3f1/Editor/Data/MonoBleedingEdge/etc'
Using monoOptions --debugger-agent=transport=dt_socket,embedding=1,server=y,suspend=n,address=127.0.0.1:56332
Begin MonoManager ReloadAssembly
Registering precompiled unity dll's ...
Register platform support module: C:/Program Files/Unity/Hub/Editor/2020.2.3f1/Editor/Data/PlaybackEngines/WebGLSupport/UnityEditor.WebGL.Extensions.dll
Register platform support module: C:/Program Files/Unity/Hub/Editor/2020.2.3f1/Editor/Data/PlaybackEngines/WindowsStandaloneSupport/UnityEditor.WindowsStandalone.Extensions.dll
Registered in 0.005429 seconds.
Native extension for WindowsStandalone target not found
Native extension for WebGL target not found
Refreshing native plugins compatible for Editor in 45.35 ms, found 1 plugins.
Preloading 0 native plugins for Editor in 0.00 ms.
Invoked RoslynAnalysisRunner static constructor.
RoslynAnalysisRunner will not be running.
RoslynAnalysisRunner has terminated.
Mono: successfully reloaded assembly
- Completed reload, in  5.091 seconds
Platform modules already initialized, skipping
Registering precompiled user dll's ...
Registered in 0.001336 seconds.
Begin MonoManager ReloadAssembly
Native extension for WindowsStandalone target not found
Native extension for WebGL target not found
Refreshing native plugins compatible for Editor in 45.09 ms, found 1 plugins.
Preloading 0 native plugins for Editor in 0.00 ms.
Invoked RoslynAnalysisRunner static constructor.
RoslynAnalysisRunner will not be running.
RoslynAnalysisRunner has terminated.
Mono: successfully reloaded assembly
- Completed reload, in  1.460 seconds
Platform modules already initialized, skipping
========================================================================
Worker process is ready to serve import requests
Launched and connected shader compiler UnityShaderCompiler.exe after 0.16 seconds
Refreshing native plugins compatible for Editor in 0.42 ms, found 1 plugins.
Preloading 0 native plugins for Editor in 0.00 ms.
Unloading 1793 Unused Serialized files (Serialized files now loaded: 0)
System memory in use before: 84.8 MB.
System memory in use after: 84.8 MB.

Unloading 24 unused Assets to reduce memory usage. Loaded Objects now: 2234.
Total: 2.756700 ms (FindLiveObjects: 0.297100 ms CreateObjectMapping: 0.094600 ms MarkObjects: 2.202100 ms  DeleteObjects: 0.160500 ms)

========================================================================
Received Prepare
Registering precompiled user dll's ...
Registered in 0.004298 seconds.
Begin MonoManager ReloadAssembly
Native extension for WindowsStandalone target not found
Native extension for WebGL target not found
Refreshing native plugins compatible for Editor in 0.77 ms, found 1 plugins.
Preloading 0 native plugins for Editor in 0.00 ms.
Invoked RoslynAnalysisRunner static constructor.
RoslynAnalysisRunner will not be running.
RoslynAnalysisRunner has terminated.
Mono: successfully reloaded assembly
- Completed reload, in  1.828 seconds
Platform modules already initialized, skipping
Refreshing native plugins compatible for Editor in 0.92 ms, found 1 plugins.
Preloading 0 native plugins for Editor in 0.00 ms.
Unloading 1788 Unused Serialized files (Serialized files now loaded: 0)
System memory in use before: 84.8 MB.
System memory in use after: 84.8 MB.

Unloading 12 unused Assets to reduce memory usage. Loaded Objects now: 2237.
Total: 3.046900 ms (FindLiveObjects: 0.285900 ms CreateObjectMapping: 0.095800 ms MarkObjects: 2.498600 ms  DeleteObjects: 0.163800 ms)

========================================================================
Received Prepare
Registering precompiled user dll's ...
Registered in 0.001899 seconds.
Begin MonoManager ReloadAssembly
Native extension for WindowsStandalone target not found
Native extension for WebGL target not found
Refreshing native plugins compatible for Editor in 0.45 ms, found 1 plugins.
Preloading 0 native plugins for Editor in 0.00 ms.
Invoked RoslynAnalysisRunner static constructor.
RoslynAnalysisRunner will not be running.
RoslynAnalysisRunner has terminated.
Mono: successfully reloaded assembly
- Completed reload, in  1.980 seconds
Platform modules already initialized, skipping
Refreshing native plugins compatible for Editor in 0.54 ms, found 1 plugins.
Preloading 0 native plugins for Editor in 0.00 ms.
Unloading 1788 Unused Serialized files (Serialized files now loaded: 0)
System memory in use before: 84.8 MB.
System memory in use after: 84.8 MB.

Unloading 12 unused Assets to reduce memory usage. Loaded Objects now: 2240.
Total: 3.337400 ms (FindLiveObjects: 0.385000 ms CreateObjectMapping: 0.110000 ms MarkObjects: 2.709300 ms  DeleteObjects: 0.131400 ms)

========================================================================
Received Prepare
Registering precompiled user dll's ...
Registered in 0.006093 seconds.
Begin MonoManager ReloadAssembly
Native extension for WindowsStandalone target not found
Native extension for WebGL target not found
Refreshing native plugins compatible for Editor in 0.47 ms, found 1 plugins.
Preloading 0 native plugins for Editor in 0.00 ms.
Invoked RoslynAnalysisRunner static constructor.
RoslynAnalysisRunner will not be running.
RoslynAnalysisRunner has terminated.
Mono: successfully reloaded assembly
- Completed reload, in  3.229 seconds
Platform modules already initialized, skipping
Refreshing native plugins compatible for Editor in 1.03 ms, found 1 plugins.
Preloading 0 native plugins for Editor in 0.00 ms.
Unloading 1788 Unused Serialized files (Serialized files now loaded: 0)
System memory in use before: 84.9 MB.
System memory in use after: 84.8 MB.

Unloading 12 unused Assets to reduce memory usage. Loaded Objects now: 2243.
Total: 5.214600 ms (FindLiveObjects: 0.626000 ms CreateObjectMapping: 0.250100 ms MarkObjects: 4.105500 ms  DeleteObjects: 0.230600 ms)

========================================================================
Received Import Request.
  path: Assets/NumberWizard.cs
  artifactKey: Guid(04d9d9a5332503247b787f525124c310) Importer(815301076,1909f56bfc062723c751e8b465ee728b)
Start importing Assets/NumberWizard.cs using Guid(04d9d9a5332503247b787f525124c310) Importer(815301076,1909f56bfc062723c751e8b465ee728b)  -> (artifact id: 'f5d6cad5bcf6b41405c8cf3ab6b59e25') in 0.499094 seconds
  Import took 0.505725 seconds .

AssetImportWorkerClient::OnTransportError - code=2 error=End of file
